[INFO] Scanning for projects...
[INFO] 
[INFO] ---------------------< com.cliente:cliente-javafx >---------------------
[INFO] Building cliente-javafx 1.0-SNAPSHOT
[INFO]   from pom.xml
[INFO] --------------------------------[ jar ]---------------------------------
[INFO] 
[INFO] >>> javafx:0.0.8:run (default-cli) > process-classes @ cliente-javafx >>>
[WARNING] 6 problems were encountered while building the effective model for org.openjfx:javafx-controls:jar:21.0.2 during dependency collection step for project (use -X to see details)
[INFO] 
[INFO] --- resources:3.3.1:resources (default-resources) @ cliente-javafx ---
[INFO] Copying 14 resources from src\main\resources to target\classes
[INFO] 
[INFO] --- compiler:3.11.0:compile (default-compile) @ cliente-javafx ---
[INFO] Nothing to compile - all classes are up to date
[INFO] 
[INFO] <<< javafx:0.0.8:run (default-cli) < process-classes @ cliente-javafx <<<
[INFO] 
[INFO] 
[INFO] --- javafx:0.0.8:run (default-cli) @ cliente-javafx ---
[INFO] ------------------------------------------------------------------------
[INFO] BUILD SUCCESS
[INFO] ------------------------------------------------------------------------
[INFO] Total time:  10:05 min
[INFO] Finished at: 2026-06-04T22:11:22-05:00
[INFO] ------------------------------------------------------------------------
